{"name": "Отображение раздела История заказов в личном кабинете", "status": "broken", "statusDetails": {"message": "selenium.common.exceptions.TimeoutException: Message: \nStacktrace:\nRemoteError@chrome://remote/content/shared/RemoteError.sys.mjs:8:8\nWebDriverError@chrome://remote/content/shared/webdriver/Errors.sys.mjs:193:5\nNoSuchElementError@chrome://remote/content/shared/webdriver/Errors.sys.mjs:511:5\ndom.find/</<@chrome://remote/content/shared/DOM.sys.mjs:136:16", "trace": "self = <test_personal_account_page.TestLoginPage object at 0x000001937DE90810>, driver = <selenium.webdriver.firefox.webdriver.WebDriver (session=\"f46873e2-8b43-460d-b7a6-75bb80b2681b\")>\n\n    @allure.title('Отображение раздела История заказов в личном кабинете')\n    @allure.description(\n        'Проверка отображения раздела История заказов в личном кабинете авторизованного пользователя')\n    def test_check_history_in_account_page(self, driver):\n        user_data = UserApi.generate_user_data()\n        user_response = UserApi.register_user(user_data)\n        main_page = MainPage(driver)\n        main_page.open()\n        email = main_page.get_user_email(user_data)\n        password = main_page.get_user_password(user_data)\n        main_page.click_account_button()\n        personal_account_page = PersonalAccountPage(driver)\n        personal_account_page.set_email(email)\n        personal_account_page.set_password(password)\n        personal_account_page.click_login_button()\n>       main_page.find_main_page_title()\n\ntests\\test_personal_account_page.py:46: \n_ _ _ _ _ _ _ _ _ _ _ _ _ _ _ _ _ _ _ _ _ _ _ _ _ _ _ _ _ _ _ _ _ _ _ _ _ _ _ _ _ _ _ _ _ _ _ _ _ _ _ _ _ _ _ _ _ _ _ _ _ _ _ _ _ _ _ _ _ _ _ _ _ _ _ _ _ _ _ _ _ _ _ _ _ _ _ _ _ _ _ _ _ _ _ _ _ _ _ _ _ _ _ _ _ _ _ _ _ _ _ _ _ _ _ _\npages\\main_page.py:92: in find_main_page_title\n    return self.wait_and_find_element(MainPageLocators.TITLE_MAIN_PAGE)\npages\\base_page.py:11: in wait_and_find_element\n    WebDriverWait(self.driver, 5).until(expected_conditions.visibility_of_element_located(locator))\n_ _ _ _ _ _ _ _ _ _ _ _ _ _ _ _ _ _ _ _ _ _ _ _ _ _ _ _ _ _ _ _ _ _ _ _ _ _ _ _ _ _ _ _ _ _ _ _ _ _ _ _ _ _ _ _ _ _ _ _ _ _ _ _ _ _ _ _ _ _ _ _ _ _ _ _ _ _ _ _ _ _ _ _ _ _ _ _ _ _ _ _ _ _ _ _ _ _ _ _ _ _ _ _ _ _ _ _ _ _ _ _ _ _ _ _\n\nself = <selenium.webdriver.support.wait.WebDriverWait (session=\"f46873e2-8b43-460d-b7a6-75bb80b2681b\")>, method = <function visibility_of_element_located.<locals>._predicate at 0x000001937DEE91C0>, message = ''\n\n    def until(self, method: Callable[[D], Union[Literal[False], T]], message: str = \"\") -> T:\n        \"\"\"Calls the method provided with the driver as an argument until the \\\n        return value does not evaluate to ``False``.\n    \n        :param method: callable(WebDriver)\n        :param message: optional message for :exc:`TimeoutException`\n        :returns: the result of the last call to `method`\n        :raises: :exc:`selenium.common.exceptions.TimeoutException` if timeout occurs\n        \"\"\"\n        screen = None\n        stacktrace = None\n    \n        end_time = time.monotonic() + self._timeout\n        while True:\n            try:\n                value = method(self._driver)\n                if value:\n                    return value\n            except self._ignored_exceptions as exc:\n                screen = getattr(exc, \"screen\", None)\n                stacktrace = getattr(exc, \"stacktrace\", None)\n            time.sleep(self._poll)\n            if time.monotonic() > end_time:\n                break\n>       raise TimeoutException(message, screen, stacktrace)\nE       selenium.common.exceptions.TimeoutException: Message: \nE       Stacktrace:\nE       RemoteError@chrome://remote/content/shared/RemoteError.sys.mjs:8:8\nE       WebDriverError@chrome://remote/content/shared/webdriver/Errors.sys.mjs:193:5\nE       NoSuchElementError@chrome://remote/content/shared/webdriver/Errors.sys.mjs:511:5\nE       dom.find/</<@chrome://remote/content/shared/DOM.sys.mjs:136:16\n\n..\\..\\..\\Python\\Lib\\site-packages\\selenium\\webdriver\\support\\wait.py:105: TimeoutException"}, "description": "Проверка отображения раздела История заказов в личном кабинете авторизованного пользователя", "steps": [{"name": "Зарегистрировать пользователя", "status": "passed", "parameters": [{"name": "user_data", "value": "{'email': 'esmith@example.net', 'password': '3!7nBoisdC', 'name': 'Sarah Sanchez'}"}], "start": 1718550634409, "stop": 1718550634983}, {"name": "Открыть в браузере страницу 'Stellar Burger'", "status": "passed", "start": 1718550634983, "stop": 1718550635160}, {"name": "Получить Email для авторизации из сгенерированных данных", "status": "passed", "parameters": [{"name": "user_response", "value": "{'email': 'esmith@example.net', 'password': '3!7nBoisdC', 'name': 'Sarah Sanchez'}"}], "start": 1718550635160, "stop": 1718550635160}, {"name": "Получить Password для авторизации из сгенерированных данных", "status": "passed", "parameters": [{"name": "user_response", "value": "{'email': 'esmith@example.net', 'password': '3!7nBoisdC', 'name': 'Sarah Sanchez'}"}], "start": 1718550635160, "stop": 1718550635160}, {"name": "Кликнуть по кнопке 'Личный кабинет'", "status": "passed", "start": 1718550635160, "stop": 1718550635213}, {"name": "Ввести почту в поле email", "status": "passed", "parameters": [{"name": "email", "value": "'esmith@example.net'"}], "start": 1718550635214, "stop": 1718550635315}, {"name": "Ввести пароль в поле 'Пароль'", "status": "passed", "parameters": [{"name": "password", "value": "'3!7nBoisdC'"}], "start": 1718550635315, "stop": 1718550635355}, {"name": "Клик по кнопке 'Войти'", "status": "passed", "start": 1718550635356, "stop": 1718550635395}, {"name": "Дождаться пока откроется Главная страница", "status": "broken", "statusDetails": {"message": "selenium.common.exceptions.TimeoutException: Message: \nStacktrace:\nRemoteError@chrome://remote/content/shared/RemoteError.sys.mjs:8:8\nWebDriverError@chrome://remote/content/shared/webdriver/Errors.sys.mjs:193:5\nNoSuchElementError@chrome://remote/content/shared/webdriver/Errors.sys.mjs:511:5\ndom.find/</<@chrome://remote/content/shared/DOM.sys.mjs:136:16\n\n", "trace": "  File \"C:\\Users\\scarl\\Python\\Lib\\site-packages\\allure_commons\\_allure.py\", line 192, in impl\n    return func(*a, **kw)\n           ^^^^^^^^^^^^^^\n  File \"C:\\Users\\scarl\\PycharmProjects\\Diplom_Igor_Alikin_07\\Diplom_3\\pages\\main_page.py\", line 92, in find_main_page_title\n    return self.wait_and_find_element(MainPageLocators.TITLE_MAIN_PAGE)\n           ^^^^^^^^^^^^^^^^^^^^^^^^^^^^^^^^^^^^^^^^^^^^^^^^^^^^^^^^^^^^\n  File \"C:\\Users\\scarl\\PycharmProjects\\Diplom_Igor_Alikin_07\\Diplom_3\\pages\\base_page.py\", line 11, in wait_and_find_element\n    WebDriverWait(self.driver, 5).until(expected_conditions.visibility_of_element_located(locator))\n  File \"C:\\Users\\scarl\\Python\\Lib\\site-packages\\selenium\\webdriver\\support\\wait.py\", line 105, in until\n    raise TimeoutException(message, screen, stacktrace)\n"}, "start": 1718550635395, "stop": 1718550640432}], "parameters": [{"name": "driver", "value": "'firefox'"}], "start": 1718550634258, "stop": 1718550640452, "uuid": "00fdb0a8-b3ea-464c-943d-0fe771b9012b", "historyId": "4520b89e151de326db959129e90e29cc", "testCaseId": "c73c23b62fcac2e6c579acbe56093602", "fullName": "tests.test_personal_account_page.TestLoginPage#test_check_history_in_account_page", "labels": [{"name": "parentSuite", "value": "tests"}, {"name": "suite", "value": "test_personal_account_page"}, {"name": "subSuite", "value": "TestLoginPage"}, {"name": "host", "value": "DESKTOP-212965U"}, {"name": "thread", "value": "15748-MainThread"}, {"name": "framework", "value": "pytest"}, {"name": "language", "value": "cpython3"}, {"name": "package", "value": "tests.test_personal_account_page"}]}