{"name": "Отображение раздела История заказов в личном кабинете", "status": "broken", "statusDetails": {"message": "selenium.common.exceptions.TimeoutException: Message: \nStacktrace:\nRemoteError@chrome://remote/content/shared/RemoteError.sys.mjs:8:8\nWebDriverError@chrome://remote/content/shared/webdriver/Errors.sys.mjs:193:5\nNoSuchElementError@chrome://remote/content/shared/webdriver/Errors.sys.mjs:511:5\ndom.find/</<@chrome://remote/content/shared/DOM.sys.mjs:136:16", "trace": "self = <test_login_page.TestLoginPage object at 0x00000242C6E31410>, driver = <selenium.webdriver.firefox.webdriver.WebDriver (session=\"96cb617a-06d8-4db8-9901-afc97be380dd\")>\n\n    @allure.title('Отображение раздела История заказов в личном кабинете')\n    @allure.description(\n        'Проверка отображения раздела История заказов в личном кабинете авторизованного пользователя')\n    def test_check_history_in_account_page(self, driver):\n        driver, user_data, user_session = driver\n        login_page = LoginPageStellarBurgers(driver, user_data)\n        login_page.wait_and_find_element(BasePageLocators.login_button)\n        login_page.element_click_new(BasePageLocators.login_button)\n        assert login_page.get_url() == Urls.LOGIN_PAGE\n        login_page.login_with_fixture_data()\n        login_page.wait_and_find_element(BasePageLocators.account_profile_link)\n        login_page.element_click(BasePageLocators.account_profile_link)\n>       login_page.wait_and_find_element(AccountPage.orders_history_link)\n\ntests\\test_login_page.py:32: \n_ _ _ _ _ _ _ _ _ _ _ _ _ _ _ _ _ _ _ _ _ _ _ _ _ _ _ _ _ _ _ _ _ _ _ _ _ _ _ _ _ _ _ _ _ _ _ _ _ _ _ _ _ _ _ _ _ _ _ _ _ _ _ _ _ _ _ _ _ _ _ _ _ _ _ _ _ _ _ _ _ _ _ _ _ _ _ _ _ _ _ _ _ _ _ _ _ _ _ _ _ _ _ _ _ _ _ _ _ _ _ _ _ _ _ _\npages\\base_page.py:19: in wait_and_find_element\n    return WebDriverWait(self.driver, 10).until(EC.presence_of_element_located(locator))\n_ _ _ _ _ _ _ _ _ _ _ _ _ _ _ _ _ _ _ _ _ _ _ _ _ _ _ _ _ _ _ _ _ _ _ _ _ _ _ _ _ _ _ _ _ _ _ _ _ _ _ _ _ _ _ _ _ _ _ _ _ _ _ _ _ _ _ _ _ _ _ _ _ _ _ _ _ _ _ _ _ _ _ _ _ _ _ _ _ _ _ _ _ _ _ _ _ _ _ _ _ _ _ _ _ _ _ _ _ _ _ _ _ _ _ _\n\nself = <selenium.webdriver.support.wait.WebDriverWait (session=\"96cb617a-06d8-4db8-9901-afc97be380dd\")>, method = <function presence_of_element_located.<locals>._predicate at 0x00000242C750D440>, message = ''\n\n    def until(self, method: Callable[[D], Union[Literal[False], T]], message: str = \"\") -> T:\n        \"\"\"Calls the method provided with the driver as an argument until the \\\n        return value does not evaluate to ``False``.\n    \n        :param method: callable(WebDriver)\n        :param message: optional message for :exc:`TimeoutException`\n        :returns: the result of the last call to `method`\n        :raises: :exc:`selenium.common.exceptions.TimeoutException` if timeout occurs\n        \"\"\"\n        screen = None\n        stacktrace = None\n    \n        end_time = time.monotonic() + self._timeout\n        while True:\n            try:\n                value = method(self._driver)\n                if value:\n                    return value\n            except self._ignored_exceptions as exc:\n                screen = getattr(exc, \"screen\", None)\n                stacktrace = getattr(exc, \"stacktrace\", None)\n            time.sleep(self._poll)\n            if time.monotonic() > end_time:\n                break\n>       raise TimeoutException(message, screen, stacktrace)\nE       selenium.common.exceptions.TimeoutException: Message: \nE       Stacktrace:\nE       RemoteError@chrome://remote/content/shared/RemoteError.sys.mjs:8:8\nE       WebDriverError@chrome://remote/content/shared/webdriver/Errors.sys.mjs:193:5\nE       NoSuchElementError@chrome://remote/content/shared/webdriver/Errors.sys.mjs:511:5\nE       dom.find/</<@chrome://remote/content/shared/DOM.sys.mjs:136:16\n\n..\\..\\..\\Python\\Lib\\site-packages\\selenium\\webdriver\\support\\wait.py:105: TimeoutException"}, "description": "Проверка отображения раздела История заказов в личном кабинете авторизованного пользователя", "steps": [{"name": "Вызываем базовый конструктор LoginPageStellarBurgers", "status": "passed", "steps": [{"name": "Инициировать драйвер", "status": "passed", "parameters": [{"name": "driver", "value": "<selenium.webdriver.firefox.webdriver.WebDriver (session=\"96cb617a-06d8-4db8-9901-afc97be380dd\")>"}], "start": 1718053831102, "stop": 1718053831102}], "parameters": [{"name": "driver", "value": "<selenium.webdriver.firefox.webdriver.WebDriver (session=\"96cb617a-06d8-4db8-9901-afc97be380dd\")>"}, {"name": "user_data", "value": "{'email': 'danielstewart@example.com', 'password': 'Yaj8SJOt@4', 'name': 'Brian Fletcher'}"}], "start": 1718053831102, "stop": 1718053831102}, {"name": "Подождать пока отобразится элемент", "status": "passed", "parameters": [{"name": "locator", "value": "('xpath', '//button[contains(@class,\"button_button__33qZ0 button_button_type_primary__1O7Bx button_button_size_large__G21Vg\")][text()=\"Войти в аккаунт\"]')"}], "start": 1718053831102, "stop": 1718053831117}, {"name": "Кликнуть на элемент по локатору", "status": "passed", "parameters": [{"name": "locator", "value": "('xpath', '//button[contains(@class,\"button_button__33qZ0 button_button_type_primary__1O7Bx button_button_size_large__G21Vg\")][text()=\"Войти в аккаунт\"]')"}], "start": 1718053831117, "stop": 1718053831146}, {"name": "Получить текущий урл страницы", "status": "passed", "start": 1718053831146, "stop": 1718053831147}, {"name": "Ввести данные пользователя и выполнить вход используя данные, которые генерирует фикстура создания пользователя", "status": "passed", "steps": [{"name": "Отправить значение в поле ввода", "status": "passed", "steps": [{"name": "Подождать пока отобразится элемент", "status": "passed", "parameters": [{"name": "locator", "value": "('xpath', \"//input[contains(@class, 'text') and contains(@class, 'input__textfield') and @name='name']\")"}], "start": 1718053831148, "stop": 1718053831150}], "parameters": [{"name": "locator", "value": "('xpath', \"//input[contains(@class, 'text') and contains(@class, 'input__textfield') and @name='name']\")"}, {"name": "text", "value": "'danielstewart@example.com'"}], "start": 1718053831148, "stop": 1718053831235}, {"name": "Отправить значение в поле ввода", "status": "passed", "steps": [{"name": "Подождать пока отобразится элемент", "status": "passed", "parameters": [{"name": "locator", "value": "('xpath', \"//input[contains(@class, 'input__textfield') and @name='Пароль']\")"}], "start": 1718053831236, "stop": 1718053831239}], "parameters": [{"name": "locator", "value": "('xpath', \"//input[contains(@class, 'input__textfield') and @name='Пароль']\")"}, {"name": "text", "value": "'Yaj8SJOt@4'"}], "start": 1718053831236, "stop": 1718053831262}, {"name": "Кликнуть на элемент по локатору", "status": "passed", "parameters": [{"name": "locator", "value": "('xpath', '//button[contains(@class,\"button_button__33qZ0 button_button_type_primary__1O7Bx button_button_size_medium__3zxIa\")][text()=\"Войти\"]')"}], "start": 1718053831262, "stop": 1718053831277}], "start": 1718053831148, "stop": 1718053831277}, {"name": "Подождать пока отобразится элемент", "status": "passed", "parameters": [{"name": "locator", "value": "('xpath', \"//a[contains(@class, 'AppHeader_header__link__3D_hX') and @href='/account']\")"}], "start": 1718053831277, "stop": 1718053831279}, {"name": "Кликнуть на элемент", "status": "passed", "steps": [{"name": "Подождать пока отобразится элемент", "status": "passed", "parameters": [{"name": "locator", "value": "('xpath', \"//a[contains(@class, 'AppHeader_header__link__3D_hX') and @href='/account']\")"}], "start": 1718053831279, "stop": 1718053831282}], "parameters": [{"name": "locator", "value": "('xpath', \"//a[contains(@class, 'AppHeader_header__link__3D_hX') and @href='/account']\")"}], "start": 1718053831279, "stop": 1718053831521}, {"name": "Подождать пока отобразится элемент", "status": "broken", "statusDetails": {"message": "selenium.common.exceptions.TimeoutException: Message: \nStacktrace:\nRemoteError@chrome://remote/content/shared/RemoteError.sys.mjs:8:8\nWebDriverError@chrome://remote/content/shared/webdriver/Errors.sys.mjs:193:5\nNoSuchElementError@chrome://remote/content/shared/webdriver/Errors.sys.mjs:511:5\ndom.find/</<@chrome://remote/content/shared/DOM.sys.mjs:136:16\n\n", "trace": "  File \"C:\\Users\\scarl\\Python\\Lib\\site-packages\\allure_commons\\_allure.py\", line 192, in impl\n    return func(*a, **kw)\n           ^^^^^^^^^^^^^^\n  File \"C:\\Users\\scarl\\PycharmProjects\\Diplom\\Diplom_3\\pages\\base_page.py\", line 19, in wait_and_find_element\n    return WebDriverWait(self.driver, 10).until(EC.presence_of_element_located(locator))\n           ^^^^^^^^^^^^^^^^^^^^^^^^^^^^^^^^^^^^^^^^^^^^^^^^^^^^^^^^^^^^^^^^^^^^^^^^^^^^^\n  File \"C:\\Users\\scarl\\Python\\Lib\\site-packages\\selenium\\webdriver\\support\\wait.py\", line 105, in until\n    raise TimeoutException(message, screen, stacktrace)\n"}, "parameters": [{"name": "locator", "value": "('xpath', '//a[@href=\"/account/order-history\"]')"}], "start": 1718053831521, "stop": 1718053841607}], "parameters": [{"name": "driver", "value": "'firefox'"}], "start": 1718053831101, "stop": 1718053841608, "uuid": "f06243db-401a-49bb-8e1d-274ed0b14b04", "historyId": "48816ba8f2807aa116c0c213f436da51", "testCaseId": "e3cd7d99ea1b10e73de49e6f7f83ca5d", "fullName": "tests.test_login_page.TestLoginPage#test_check_history_in_account_page", "labels": [{"name": "parentSuite", "value": "tests"}, {"name": "suite", "value": "test_login_page"}, {"name": "subSuite", "value": "TestLoginPage"}, {"name": "host", "value": "DESKTOP-212965U"}, {"name": "thread", "value": "18276-MainThread"}, {"name": "framework", "value": "pytest"}, {"name": "language", "value": "cpython3"}, {"name": "package", "value": "tests.test_login_page"}]}