{"name": "Отображение заказа в ленте заказов", "status": "broken", "statusDetails": {"message": "selenium.common.exceptions.TimeoutException: Message: \nStacktrace:\nRemoteError@chrome://remote/content/shared/RemoteError.sys.mjs:8:8\nWebDriverError@chrome://remote/content/shared/webdriver/Errors.sys.mjs:193:5\nNoSuchElementError@chrome://remote/content/shared/webdriver/Errors.sys.mjs:511:5\ndom.find/</<@chrome://remote/content/shared/DOM.sys.mjs:136:16", "trace": "self = <test_feed_list.TestFeedPage object at 0x00000242C6EB8D90>, driver = <selenium.webdriver.firefox.webdriver.WebDriver (session=\"182392ed-4ffc-424f-b8a8-ed5615264042\")>\n\n    @allure.title('Отображение заказа в ленте заказов')\n    @allure.description(\n        'Проверка отображения заказа в Лента заказов')\n    def test_find_order_in_feed_list(self, driver):\n        driver, user_data, user_session = driver\n        page = LoginPageStellarBurgers(driver, user_data)\n        page.wait_and_find_element(BasePageLocators.login_button)\n        page.element_click_new(BasePageLocators.login_button)\n        assert page.get_url() == Urls.LOGIN_PAGE\n        page.login_with_fixture_data()\n        assert page.wait_and_find_element(BasePageLocators.make_order_button).is_displayed()\n        page.drag_and_drop(BasePageLocators.crator_bun, BasePageLocators.burger_constructor_basket_section)\n        page.element_click_new(BasePageLocators.make_order_button)\n        page.wait_and_find_element(BasePageLocators.close_button_for_created_order)\n        page.element_click_new(BasePageLocators.close_button_for_created_order)\n        page.element_click_new(BasePageLocators.account_profile_link)\n        page.wait_and_find_element(AccountPage.orders_history_link)\n        page.element_click_new(AccountPage.orders_history_link)\n>       page.wait_and_find_element(AccountPage.first_order_in_history)\n\ntests\\test_feed_list.py:45: \n_ _ _ _ _ _ _ _ _ _ _ _ _ _ _ _ _ _ _ _ _ _ _ _ _ _ _ _ _ _ _ _ _ _ _ _ _ _ _ _ _ _ _ _ _ _ _ _ _ _ _ _ _ _ _ _ _ _ _ _ _ _ _ _ _ _ _ _ _ _ _ _ _ _ _ _ _ _ _ _ _ _ _ _ _ _ _ _ _ _ _ _ _ _ _ _ _ _ _ _ _ _ _ _ _ _ _ _ _ _ _ _ _ _ _ _\npages\\base_page.py:19: in wait_and_find_element\n    return WebDriverWait(self.driver, 10).until(EC.presence_of_element_located(locator))\n_ _ _ _ _ _ _ _ _ _ _ _ _ _ _ _ _ _ _ _ _ _ _ _ _ _ _ _ _ _ _ _ _ _ _ _ _ _ _ _ _ _ _ _ _ _ _ _ _ _ _ _ _ _ _ _ _ _ _ _ _ _ _ _ _ _ _ _ _ _ _ _ _ _ _ _ _ _ _ _ _ _ _ _ _ _ _ _ _ _ _ _ _ _ _ _ _ _ _ _ _ _ _ _ _ _ _ _ _ _ _ _ _ _ _ _\n\nself = <selenium.webdriver.support.wait.WebDriverWait (session=\"182392ed-4ffc-424f-b8a8-ed5615264042\")>, method = <function presence_of_element_located.<locals>._predicate at 0x00000242C74BB060>, message = ''\n\n    def until(self, method: Callable[[D], Union[Literal[False], T]], message: str = \"\") -> T:\n        \"\"\"Calls the method provided with the driver as an argument until the \\\n        return value does not evaluate to ``False``.\n    \n        :param method: callable(WebDriver)\n        :param message: optional message for :exc:`TimeoutException`\n        :returns: the result of the last call to `method`\n        :raises: :exc:`selenium.common.exceptions.TimeoutException` if timeout occurs\n        \"\"\"\n        screen = None\n        stacktrace = None\n    \n        end_time = time.monotonic() + self._timeout\n        while True:\n            try:\n                value = method(self._driver)\n                if value:\n                    return value\n            except self._ignored_exceptions as exc:\n                screen = getattr(exc, \"screen\", None)\n                stacktrace = getattr(exc, \"stacktrace\", None)\n            time.sleep(self._poll)\n            if time.monotonic() > end_time:\n                break\n>       raise TimeoutException(message, screen, stacktrace)\nE       selenium.common.exceptions.TimeoutException: Message: \nE       Stacktrace:\nE       RemoteError@chrome://remote/content/shared/RemoteError.sys.mjs:8:8\nE       WebDriverError@chrome://remote/content/shared/webdriver/Errors.sys.mjs:193:5\nE       NoSuchElementError@chrome://remote/content/shared/webdriver/Errors.sys.mjs:511:5\nE       dom.find/</<@chrome://remote/content/shared/DOM.sys.mjs:136:16\n\n..\\..\\..\\Python\\Lib\\site-packages\\selenium\\webdriver\\support\\wait.py:105: TimeoutException"}, "description": "Проверка отображения заказа в Лента заказов", "steps": [{"name": "Вызываем базовый конструктор LoginPageStellarBurgers", "status": "passed", "steps": [{"name": "Инициировать драйвер", "status": "passed", "parameters": [{"name": "driver", "value": "<selenium.webdriver.firefox.webdriver.WebDriver (session=\"182392ed-4ffc-424f-b8a8-ed5615264042\")>"}], "start": 1718053652375, "stop": 1718053652375}], "parameters": [{"name": "driver", "value": "<selenium.webdriver.firefox.webdriver.WebDriver (session=\"182392ed-4ffc-424f-b8a8-ed5615264042\")>"}, {"name": "user_data", "value": "{'email': 'royvasquez@example.com', 'password': 'nO9ZpUD9)X', 'name': 'Mr. Matthew Lee PhD'}"}], "start": 1718053652375, "stop": 1718053652375}, {"name": "Подождать пока отобразится элемент", "status": "passed", "parameters": [{"name": "locator", "value": "('xpath', '//button[contains(@class,\"button_button__33qZ0 button_button_type_primary__1O7Bx button_button_size_large__G21Vg\")][text()=\"Войти в аккаунт\"]')"}], "start": 1718053652375, "stop": 1718053652387}, {"name": "Кликнуть на элемент по локатору", "status": "passed", "parameters": [{"name": "locator", "value": "('xpath', '//button[contains(@class,\"button_button__33qZ0 button_button_type_primary__1O7Bx button_button_size_large__G21Vg\")][text()=\"Войти в аккаунт\"]')"}], "start": 1718053652387, "stop": 1718053652418}, {"name": "Получить текущий урл страницы", "status": "passed", "start": 1718053652418, "stop": 1718053652419}, {"name": "Ввести данные пользователя и выполнить вход используя данные, которые генерирует фикстура создания пользователя", "status": "passed", "steps": [{"name": "Отправить значение в поле ввода", "status": "passed", "steps": [{"name": "Подождать пока отобразится элемент", "status": "passed", "parameters": [{"name": "locator", "value": "('xpath', \"//input[contains(@class, 'text') and contains(@class, 'input__textfield') and @name='name']\")"}], "start": 1718053652419, "stop": 1718053652422}], "parameters": [{"name": "locator", "value": "('xpath', \"//input[contains(@class, 'text') and contains(@class, 'input__textfield') and @name='name']\")"}, {"name": "text", "value": "'royvasquez@example.com'"}], "start": 1718053652419, "stop": 1718053652499}, {"name": "Отправить значение в поле ввода", "status": "passed", "steps": [{"name": "Подождать пока отобразится элемент", "status": "passed", "parameters": [{"name": "locator", "value": "('xpath', \"//input[contains(@class, 'input__textfield') and @name='Пароль']\")"}], "start": 1718053652499, "stop": 1718053652503}], "parameters": [{"name": "locator", "value": "('xpath', \"//input[contains(@class, 'input__textfield') and @name='Пароль']\")"}, {"name": "text", "value": "'nO9ZpUD9)X'"}], "start": 1718053652499, "stop": 1718053652525}, {"name": "Кликнуть на элемент по локатору", "status": "passed", "parameters": [{"name": "locator", "value": "('xpath', '//button[contains(@class,\"button_button__33qZ0 button_button_type_primary__1O7Bx button_button_size_medium__3zxIa\")][text()=\"Войти\"]')"}], "start": 1718053652525, "stop": 1718053652536}], "start": 1718053652419, "stop": 1718053652536}, {"name": "Подождать пока отобразится элемент", "status": "passed", "parameters": [{"name": "locator", "value": "('xpath', '//button[contains(@class,\"button_button__33qZ0 button_button_type_primary__1O7Bx button_button_size_large__G21Vg\")][text()=\"Оформить заказ\"]')"}], "start": 1718053652537, "stop": 1718053653045}, {"name": "Перетащить элемент и опустить в конструктор", "status": "passed", "steps": [{"name": "Подождать пока отобразится элемент", "status": "passed", "parameters": [{"name": "locator", "value": "('xpath', \"//a[contains(@class, 'BurgerIngredient_ingredient__1TVf6 ml-4 mr-4 mb-8') and @href='/ingredient/61c0c5a71d1f82001bdaaa6c']\")"}], "start": 1718053653053, "stop": 1718053653055}, {"name": "Подождать пока отобразится элемент", "status": "passed", "parameters": [{"name": "locator", "value": "('xpath', \"//section[contains(@class,'BurgerConstructor_basket__29Cd7 mt-25')]\")"}], "start": 1718053653055, "stop": 1718053653058}], "parameters": [{"name": "source_locator", "value": "('xpath', \"//a[contains(@class, 'BurgerIngredient_ingredient__1TVf6 ml-4 mr-4 mb-8') and @href='/ingredient/61c0c5a71d1f82001bdaaa6c']\")"}, {"name": "target_locator", "value": "('xpath', \"//section[contains(@class,'BurgerConstructor_basket__29Cd7 mt-25')]\")"}], "start": 1718053653053, "stop": 1718053653602}, {"name": "Кликнуть на элемент по локатору", "status": "passed", "parameters": [{"name": "locator", "value": "('xpath', '//button[contains(@class,\"button_button__33qZ0 button_button_type_primary__1O7Bx button_button_size_large__G21Vg\")][text()=\"Оформить заказ\"]')"}], "start": 1718053653602, "stop": 1718053653614}, {"name": "Подождать пока отобразится элемент", "status": "passed", "parameters": [{"name": "locator", "value": "('xpath', '//button[contains(@class,\"Modal_modal__close_modified__3V5XS Modal_modal__close__TnseK\")]')"}], "start": 1718053653615, "stop": 1718053653617}, {"name": "Кликнуть на элемент по локатору", "status": "passed", "parameters": [{"name": "locator", "value": "('xpath', '//button[contains(@class,\"Modal_modal__close_modified__3V5XS Modal_modal__close__TnseK\")]')"}], "start": 1718053653617, "stop": 1718053653629}, {"name": "Кликнуть на элемент по локатору", "status": "passed", "parameters": [{"name": "locator", "value": "('xpath', \"//a[contains(@class, 'AppHeader_header__link__3D_hX') and @href='/account']\")"}], "start": 1718053653629, "stop": 1718053653643}, {"name": "Подождать пока отобразится элемент", "status": "passed", "parameters": [{"name": "locator", "value": "('xpath', '//a[@href=\"/account/order-history\"]')"}], "start": 1718053653643, "stop": 1718053654153}, {"name": "Кликнуть на элемент по локатору", "status": "passed", "parameters": [{"name": "locator", "value": "('xpath', '//a[@href=\"/account/order-history\"]')"}], "start": 1718053654154, "stop": 1718053654169}, {"name": "Подождать пока отобразится элемент", "status": "broken", "statusDetails": {"message": "selenium.common.exceptions.TimeoutException: Message: \nStacktrace:\nRemoteError@chrome://remote/content/shared/RemoteError.sys.mjs:8:8\nWebDriverError@chrome://remote/content/shared/webdriver/Errors.sys.mjs:193:5\nNoSuchElementError@chrome://remote/content/shared/webdriver/Errors.sys.mjs:511:5\ndom.find/</<@chrome://remote/content/shared/DOM.sys.mjs:136:16\n\n", "trace": "  File \"C:\\Users\\scarl\\Python\\Lib\\site-packages\\allure_commons\\_allure.py\", line 192, in impl\n    return func(*a, **kw)\n           ^^^^^^^^^^^^^^\n  File \"C:\\Users\\scarl\\PycharmProjects\\Diplom\\Diplom_3\\pages\\base_page.py\", line 19, in wait_and_find_element\n    return WebDriverWait(self.driver, 10).until(EC.presence_of_element_located(locator))\n           ^^^^^^^^^^^^^^^^^^^^^^^^^^^^^^^^^^^^^^^^^^^^^^^^^^^^^^^^^^^^^^^^^^^^^^^^^^^^^\n  File \"C:\\Users\\scarl\\Python\\Lib\\site-packages\\selenium\\webdriver\\support\\wait.py\", line 105, in until\n    raise TimeoutException(message, screen, stacktrace)\n"}, "parameters": [{"name": "locator", "value": "('xpath', '//ul[contains(@class, \"OrderHistory_profileList__374GU\")]/li[contains(@class, \"OrderHistory_listItem__2x95r\")][1]/a[contains(@class, \"OrderHistory_link__1iNby\")]')"}], "start": 1718053654169, "stop": 1718053664249}], "parameters": [{"name": "driver", "value": "'firefox'"}], "start": 1718053652375, "stop": 1718053664261, "uuid": "5d6e881e-e9e3-43f9-a815-79ddf1a2c6aa", "historyId": "cd945cad67937155805e3935686412d1", "testCaseId": "48c6f4a8f48c0045aa1b356327388be4", "fullName": "tests.test_feed_list.TestFeedPage#test_find_order_in_feed_list", "labels": [{"name": "parentSuite", "value": "tests"}, {"name": "suite", "value": "test_feed_list"}, {"name": "subSuite", "value": "TestFeedPage"}, {"name": "host", "value": "DESKTOP-212965U"}, {"name": "thread", "value": "18276-MainThread"}, {"name": "framework", "value": "pytest"}, {"name": "language", "value": "cpython3"}, {"name": "package", "value": "tests.test_feed_list"}]}